<?xml version="1.0" encoding="UTF-8"?>
<!-- Generated by org.testng.reporters.JUnitReportReporter -->
<testsuite hostname="ljh" name="com.mizlicai.cashier.testcase.testng.WebTest" tests="5" failures="0" timestamp="17 Jul 2017 01:48:25 GMT" time="0.131" errors="0">
  <testcase name="testServer" time="0.004" classname="com.mizlicai.cashier.testcase.testng.WebTest"/>
  <testcase name="testServer" time="0.001" classname="com.mizlicai.cashier.testcase.testng.WebTest"/>
  <testcase name="testServer" time="0.002" classname="com.mizlicai.cashier.testcase.testng.WebTest"/>
  <testcase name="testServer" time="0.123" classname="com.mizlicai.cashier.testcase.testng.WebTest"/>
  <testcase name="testServer" time="0.001" classname="com.mizlicai.cashier.testcase.testng.WebTest"/>
</testsuite> <!-- com.mizlicai.cashier.testcase.testng.WebTest -->
